<?xml version="1.0" encoding="UTF-8"?>
<!-- Generated by org.testng.reporters.JUnitReportReporter -->
<testsuite hostname="CCS" name="Test.Selenium.Sample" tests="1" failures="0" timestamp="12 Aug 2018 08:48:54 GMT" time="0.016" errors="0">
  <testcase name="f" time="0.016" classname="Test.Selenium.Sample"/>
</testsuite> <!-- Test.Selenium.Sample -->
